# JRE version: Java(TM) SE Runtime Environment 18.9 (11.0.17+10) (build 11.0.17+10-LTS-269)
# Java VM: Java HotSpot(TM) 64-Bit Server VM 18.9 (11.0.17+10-LTS-269, mixed mode, tiered, compressed oops, g1 gc, windows-amd64)
Heap:
 garbage-first heap   total 262144K, used 173745K [0x0000000080000000, 0x0000000100000000)
  region size 1024K, 138 young (141312K), 9 survivors (9216K)
 Metaspace       used 66440K, capacity 68472K, committed 68816K, reserved 575488K
  class space    used 8880K, capacity 9758K, committed 9856K, reserved 516096K
GC Heap History (10 events):
Event: 7.937 GC heap before
{Heap before GC invocations=3 (full 0):
 garbage-first heap   total 262144K, used 82550K [0x0000000080000000, 0x0000000100000000)
  region size 1024K, 75 young (76800K), 11 survivors (11264K)
 Metaspace       used 26764K, capacity 27335K, committed 27568K, reserved 540672K
  class space    used 3522K, capacity 3735K, committed 3840K, reserved 516096K
}
Event: 7.945 GC heap after
{Heap after GC invocations=4 (full 0):
 garbage-first heap   total 262144K, used 19416K [0x0000000080000000, 0x0000000100000000)
  region size 1024K, 3 young (3072K), 3 survivors (3072K)
 Metaspace       used 26764K, capacity 27335K, committed 27568K, reserved 540672K
  class space    used 3522K, capacity 3735K, committed 3840K, reserved 516096K
}
Event: 9.337 GC heap before
{Heap before GC invocations=4 (full 0):
 garbage-first heap   total 262144K, used 73688K [0x0000000080000000, 0x0000000100000000)
  region size 1024K, 57 young (58368K), 3 survivors (3072K)
 Metaspace       used 34775K, capacity 35684K, committed 35708K, reserved 548864K
  class space    used 4542K, capacity 4864K, committed 4864K, reserved 516096K
}
Event: 9.343 GC heap after
{Heap after GC invocations=5 (full 0):
 garbage-first heap   total 262144K, used 22566K [0x0000000080000000, 0x0000000100000000)
  region size 1024K, 6 young (6144K), 6 survivors (6144K)
 Metaspace       used 34775K, capacity 35684K, committed 35708K, reserved 548864K
  class space    used 4542K, capacity 4864K, committed 4864K, reserved 516096K
}
Event: 20.363 GC heap before
{Heap before GC invocations=6 (full 0):
 garbage-first heap   total 262144K, used 139302K [0x0000000080000000, 0x0000000100000000)
  region size 1024K, 117 young (119808K), 6 survivors (6144K)
 Metaspace       used 43018K, capacity 44201K, committed 44284K, reserved 555008K
  class space    used 5495K, capacity 5973K, committed 6016K, reserved 516096K
}
Event: 20.375 GC heap after
{Heap after GC invocations=7 (full 0):
 garbage-first heap   total 262144K, used 30013K [0x0000000080000000, 0x0000000100000000)
  region size 1024K, 13 young (13312K), 13 survivors (13312K)
 Metaspace       used 43018K, capacity 44201K, committed 44284K, reserved 555008K
  class space    used 5495K, capacity 5973K, committed 6016K, reserved 516096K
}
Event: 24.730 GC heap before
{Heap before GC invocations=7 (full 0):
 garbage-first heap   total 262144K, used 166205K [0x0000000080000000, 0x0000000100000000)
  region size 1024K, 142 young (145408K), 13 survivors (13312K)
 Metaspace       used 53171K, capacity 54668K, committed 54908K, reserved 565248K
  class space    used 6990K, capacity 7629K, committed 7680K, reserved 516096K
}
Event: 24.749 GC heap after
{Heap after GC invocations=8 (full 0):
 garbage-first heap   total 262144K, used 40607K [0x0000000080000000, 0x0000000100000000)
  region size 1024K, 14 young (14336K), 14 survivors (14336K)
 Metaspace       used 53171K, capacity 54668K, committed 54908K, reserved 565248K
  class space    used 6990K, capacity 7629K, committed 7680K, reserved 516096K
}
Event: 26.248 GC heap before
{Heap before GC invocations=8 (full 0):
 garbage-first heap   total 262144K, used 101023K [0x0000000080000000, 0x0000000100000000)
  region size 1024K, 74 young (75776K), 14 survivors (14336K)
 Metaspace       used 58034K, capacity 59626K, committed 59728K, reserved 569344K
  class space    used 7716K, capacity 8413K, committed 8448K, reserved 516096K
}
Event: 26.260 GC heap after
{Heap after GC invocations=9 (full 0):
 garbage-first heap   total 262144K, used 42673K [0x0000000080000000, 0x0000000100000000)
  region size 1024K, 9 young (9216K), 9 survivors (9216K)
 Metaspace       used 58034K, capacity 59626K, committed 59728K, reserved 569344K
  class space    used 7716K, capacity 8413K, committed 8448K, reserved 516096K
}

